[2026-04-08 16:32:28] 
=============================================
[2026-04-08 16:32:28] 🤖 MASTER BOT CYCLE | 16:32:28
[2026-04-08 16:32:28] 💰 Capital: ₹100160.0
[2026-04-08 16:32:28] =============================================
[2026-04-08 16:32:28] 
📊 RELIANCE...
[2026-04-08 16:32:30]    Tech   : SELL (RSI:41.56)
[2026-04-08 16:32:30]    AI     : BUY (Pred:₹1422.510009765625 5.539999961853027%)
[2026-04-08 16:32:30]    Final  : HOLD | LOW ❄️
[2026-04-08 16:32:30]    ⏸️  HOLD
[2026-04-08 16:32:30] 
📊 TCS...
[2026-04-08 16:32:31]    Tech   : SELL (RSI:65.86)
[2026-04-08 16:32:31]    AI     : BUY (Pred:₹2970.1298828125 16.059999465942383%)
[2026-04-08 16:32:31]    Final  : HOLD | LOW ❄️
[2026-04-08 16:32:31]    ⏸️  HOLD
[2026-04-08 16:32:31] 
📊 INFY...
[2026-04-08 16:32:31]    Tech   : HOLD (RSI:67.23)
[2026-04-08 16:32:31]    AI     : BUY (Pred:₹1479.18994140625 9.880000114440918%)
[2026-04-08 16:32:31]    Final  : HOLD | LOW ❄️
[2026-04-08 16:32:31]    ⏸️  HOLD
[2026-04-08 16:32:31] 
📊 HDFCBANK...
[2026-04-08 16:32:31]    Tech   : HOLD (RSI:45.62)
[2026-04-08 16:32:31]    AI     : BUY (Pred:₹884.6400146484375 8.399999618530273%)
[2026-04-08 16:32:31]    Final  : HOLD | LOW ❄️
[2026-04-08 16:32:31]    ⏸️  HOLD
[2026-04-08 16:32:31] 
📊 SBIN...
[2026-04-08 16:32:31]    Tech   : HOLD (RSI:49.0)
[2026-04-08 16:32:31]    AI     : SELL (Pred:₹1040.800048828125 -1.9500000476837158%)
[2026-04-08 16:32:31]    Final  : HOLD | LOW ❄️
[2026-04-08 16:32:31]    ⏸️  HOLD
[2026-04-08 16:32:31] 
📊 WIPRO...
[2026-04-08 16:32:31]    Tech   : HOLD (RSI:59.25)
[2026-04-08 16:32:31]    AI     : BUY (Pred:₹229.85000610351562 12.989999771118164%)
[2026-04-08 16:32:31]    Final  : HOLD | LOW ❄️
[2026-04-08 16:32:31]    ⏸️  HOLD
[2026-04-08 16:32:31] 
=============================================
[2026-04-08 16:32:31] 🤖 MASTER BOT CYCLE | 16:32:31
[2026-04-08 16:32:31] 💰 Capital: ₹100160.0
[2026-04-08 16:32:31] =============================================
[2026-04-08 16:32:31] 
📊 RELIANCE...
[2026-04-08 16:32:31]    Tech   : SELL (RSI:41.56)
[2026-04-08 16:32:31]    AI     : BUY (Pred:₹1422.510009765625 5.539999961853027%)
[2026-04-08 16:32:31]    Final  : HOLD | LOW ❄️
[2026-04-08 16:32:31]    ⏸️  HOLD
[2026-04-08 16:32:31] 
📊 TCS...
[2026-04-08 16:32:31]    Tech   : SELL (RSI:65.86)
[2026-04-08 16:32:31]    AI     : BUY (Pred:₹2970.1298828125 16.059999465942383%)
[2026-04-08 16:32:31]    Final  : HOLD | LOW ❄️
[2026-04-08 16:32:31]    ⏸️  HOLD
[2026-04-08 16:32:31] 
📊 INFY...
[2026-04-08 16:32:31]    Tech   : HOLD (RSI:67.23)
[2026-04-08 16:32:31]    AI     : BUY (Pred:₹1479.18994140625 9.880000114440918%)
[2026-04-08 16:32:31]    Final  : HOLD | LOW ❄️
[2026-04-08 16:32:31]    ⏸️  HOLD
[2026-04-08 16:32:31] 
📊 HDFCBANK...
[2026-04-08 16:32:31]    Tech   : HOLD (RSI:45.62)
[2026-04-08 16:32:31]    AI     : BUY (Pred:₹884.6400146484375 8.399999618530273%)
[2026-04-08 16:32:31]    Final  : HOLD | LOW ❄️
[2026-04-08 16:32:31]    ⏸️  HOLD
[2026-04-08 16:32:31] 
📊 SBIN...
[2026-04-08 16:32:31]    Tech   : HOLD (RSI:49.0)
[2026-04-08 16:32:31]    AI     : SELL (Pred:₹1040.800048828125 -1.9500000476837158%)
[2026-04-08 16:32:31]    Final  : HOLD | LOW ❄️
[2026-04-08 16:32:31]    ⏸️  HOLD
[2026-04-08 16:32:31] 
📊 WIPRO...
[2026-04-08 16:32:31]    Tech   : HOLD (RSI:59.25)
[2026-04-08 16:32:31]    AI     : BUY (Pred:₹229.85000610351562 12.989999771118164%)
[2026-04-08 16:32:31]    Final  : HOLD | LOW ❄️
[2026-04-08 16:32:31]    ⏸️  HOLD
